Using pre-set license
Built from '2020.3/staging' branch; Version is '2020.3.30f1 (1fb1bf06830e) revision 2077119'; Using compiler version '192528614'; Build Type 'Release'
OS: 'Windows 10  (10.0.19043) 64bit Professional' Language: 'es' Physical Memory: 7864 MB
BatchMode: 1, IsHumanControllingUs: 0, StartBugReporterOnCrash: 0, Is64bit: 1, IsPro: 0

COMMAND LINE ARGUMENTS:
C:\Program Files\Unity\Hub\Editor\2020.3.30f1\Editor\Unity.exe
-adb2
-batchMode
-noUpm
-name
AssetImportWorker0
-projectPath
C:/Users/pc/Desktop/JumpBall/JumpBall
-logFile
Logs/AssetImportWorker0.log
-srvPort
54786
Successfully changed project path to: C:/Users/pc/Desktop/JumpBall/JumpBall
C:/Users/pc/Desktop/JumpBall/JumpBall
Using Asset Import Pipeline V2.
Refreshing native plugins compatible for Editor in 43.89 ms, found 2 plugins.
Preloading 0 native plugins for Editor in 0.00 ms.
Initialize engine version: 2020.3.30f1 (1fb1bf06830e)
[Subsystems] Discovering subsystems at path C:/Program Files/Unity/Hub/Editor/2020.3.30f1/Editor/Data/Resources/UnitySubsystems
[Subsystems] Discovering subsystems at path C:/Users/pc/Desktop/JumpBall/JumpBall/Assets
GfxDevice: creating device client; threaded=0
Direct3D:
    Version:  Direct3D 11.0 [level 11.1]
    Renderer: Intel(R) HD Graphics 520 (ID=0x1916)
    Vendor:   
    VRAM:     3932 MB
    Driver:   27.20.100.9664
Initialize mono
Mono path[0] = 'C:/Program Files/Unity/Hub/Editor/2020.3.30f1/Editor/Data/Managed'
Mono path[1] = 'C:/Program Files/Unity/Hub/Editor/2020.3.30f1/Editor/Data/MonoBleedingEdge/lib/mono/unityjit'
Mono config path = 'C:/Program Files/Unity/Hub/Editor/2020.3.30f1/Editor/Data/MonoBleedingEdge/etc'
Using monoOptions --debugger-agent=transport=dt_socket,embedding=1,server=y,suspend=n,address=127.0.0.1:56396
Begin MonoManager ReloadAssembly
Registering precompiled unity dll's ...
Register platform support module: C:/Program Files/Unity/Hub/Editor/2020.3.30f1/Editor/Data/PlaybackEngines/WebGLSupport/UnityEditor.WebGL.Extensions.dll
Register platform support module: C:/Program Files/Unity/Hub/Editor/2020.3.30f1/Editor/Data/PlaybackEngines/WindowsStandaloneSupport/UnityEditor.WindowsStandalone.Extensions.dll
Registered in 0.002893 seconds.
Native extension for WindowsStandalone target not found
Native extension for WebGL target not found
Refreshing native plugins compatible for Editor in 40.00 ms, found 2 plugins.
Preloading 0 native plugins for Editor in 0.00 ms.
Mono: successfully reloaded assembly
- Completed reload, in  0.835 seconds
Domain Reload Profiling:
	ReloadAssembly (835ms)
		BeginReloadAssembly (80ms)
			ExecutionOrderSort (0ms)
			DisableScriptedObjects (0ms)
			BackupInstance (0ms)
			ReleaseScriptingObjects (0ms)
			CreateAndSetChildDomain (1ms)
		EndReloadAssembly (668ms)
			LoadAssemblies (77ms)
			RebuildTransferFunctionScriptingTraits (0ms)
			SetupTypeCache (235ms)
			ReleaseScriptCaches (0ms)
			RebuildScriptCaches (39ms)
			SetupLoadedEditorAssemblies (207ms)
				LogAssemblyErrors (0ms)
				InitializePlatformSupportModulesInManaged (7ms)
				SetLoadedEditorAssemblies (0ms)
				RefreshPlugins (40ms)
				BeforeProcessingInitializeOnLoad (23ms)
				ProcessInitializeOnLoadAttributes (102ms)
				ProcessInitializeOnLoadMethodAttributes (35ms)
				AfterProcessingInitializeOnLoad (0ms)
				EditorAssembliesLoaded (0ms)
			ExecutionOrderSort2 (0ms)
			AwakeInstancesAfterBackupRestoration (0ms)
Platform modules already initialized, skipping
Registering precompiled user dll's ...
Registered in 0.003597 seconds.
Begin MonoManager ReloadAssembly
Native extension for WindowsStandalone target not found
Native extension for WebGL target not found
Refreshing native plugins compatible for Editor in 0.51 ms, found 2 plugins.
Preloading 0 native plugins for Editor in 0.00 ms.
Mono: successfully reloaded assembly
- Completed reload, in  1.420 seconds
Domain Reload Profiling:
	ReloadAssembly (1421ms)
		BeginReloadAssembly (263ms)
			ExecutionOrderSort (0ms)
			DisableScriptedObjects (10ms)
			BackupInstance (0ms)
			ReleaseScriptingObjects (0ms)
			CreateAndSetChildDomain (23ms)
		EndReloadAssembly (1087ms)
			LoadAssemblies (124ms)
			RebuildTransferFunctionScriptingTraits (0ms)
			SetupTypeCache (362ms)
			ReleaseScriptCaches (0ms)
			RebuildScriptCaches (61ms)
			SetupLoadedEditorAssemblies (380ms)
				LogAssemblyErrors (0ms)
				InitializePlatformSupportModulesInManaged (6ms)
				SetLoadedEditorAssemblies (1ms)
				RefreshPlugins (1ms)
				BeforeProcessingInitializeOnLoad (101ms)
				ProcessInitializeOnLoadAttributes (252ms)
				ProcessInitializeOnLoadMethodAttributes (10ms)
				AfterProcessingInitializeOnLoad (9ms)
				EditorAssembliesLoaded (0ms)
			ExecutionOrderSort2 (0ms)
			AwakeInstancesAfterBackupRestoration (8ms)
Platform modules already initialized, skipping
========================================================================
Worker process is ready to serve import requests
Launched and connected shader compiler UnityShaderCompiler.exe after 0.11 seconds
Refreshing native plugins compatible for Editor in 0.52 ms, found 2 plugins.
Preloading 0 native plugins for Editor in 0.00 ms.
Unloading 1516 Unused Serialized files (Serialized files now loaded: 0)
System memory in use before: 69.4 MB.
System memory in use after: 69.5 MB.

Unloading 16 unused Assets to reduce memory usage. Loaded Objects now: 1952.
Total: 4.653300 ms (FindLiveObjects: 0.196700 ms CreateObjectMapping: 0.154700 ms MarkObjects: 4.122000 ms  DeleteObjects: 0.177100 ms)

AssetImportParameters requested are different than current active one (requested -> active):
  custom:framework-win-MediaFoundation: 216162199b28c13a410421893ffa2e32 -> 
  custom:video-decoder-ogg-theora: a1e56fd34408186e4bbccfd4996cb3dc -> 
  custom:container-muxer-webm: aa71ff27fc2769a1b78a27578f13a17b -> 
  custom:container-demuxer-webm: 4f35f7cbe854078d1ac9338744f61a02 -> 
  custom:container-demuxer-ogg: 62fdf1f143b41e24485cea50d1cbac27 -> 
  custom:video-encoder-webm-vp8: eb34c28f22e8b96e1ab97ce403110664 -> 
  custom:video-decoder-webm-vp8: 9c59270c3fd7afecdb556c50c9e8de78 -> 
  custom:audio-decoder-ogg-vorbis: bf7c407c2cedff20999df2af8eb42d56 -> 
  custom:audio-encoder-webm-vorbis: bf7c407c2cedff20999df2af8eb42d56 -> 
========================================================================
Received Import Request.
  path: Assets/Puzzle stage & settings GUI Pack/Image_green/stage.png
  artifactKey: Guid(b4af768a35b6f99449f6eb0788cc404d) Importer(815301076,1909f56bfc062723c751e8b465ee728b)
Start importing Assets/Puzzle stage & settings GUI Pack/Image_green/stage.png using Guid(b4af768a35b6f99449f6eb0788cc404d) Importer(815301076,1909f56bfc062723c751e8b465ee728b)  -> (artifact id: 'a357bc8ce645f998fbc8b4d742ae3ed7') in 0.246927 seconds 
========================================================================
Received Import Request.
  Time since last request: 0.000650 seconds.
  path: Assets/Puzzle stage & settings GUI Pack/Image_green/candy bar.png
  artifactKey: Guid(389f7ee28bb8fd64b856a0812f5dd053) Importer(815301076,1909f56bfc062723c751e8b465ee728b)
Start importing Assets/Puzzle stage & settings GUI Pack/Image_green/candy bar.png using Guid(389f7ee28bb8fd64b856a0812f5dd053) Importer(815301076,1909f56bfc062723c751e8b465ee728b)  -> (artifact id: '7f53fda3810d0fb75ddc98cb46fc1c17') in 0.049971 seconds 
========================================================================
Received Import Request.
  Time since last request: 0.000429 seconds.
  path: Assets/Puzzle stage & settings GUI Pack/Image_green/star.png
  artifactKey: Guid(71b128a043d04fa4b89d1c7680d515ea) Importer(815301076,1909f56bfc062723c751e8b465ee728b)
Start importing Assets/Puzzle stage & settings GUI Pack/Image_green/star.png using Guid(71b128a043d04fa4b89d1c7680d515ea) Importer(815301076,1909f56bfc062723c751e8b465ee728b)  -> (artifact id: 'e6416d626047198a9f4ca4df24f16d96') in 0.045186 seconds 
========================================================================
Received Import Request.
  Time since last request: 0.000394 seconds.
  path: Assets/Puzzle stage & settings GUI Pack/Image_green/bar box.png
  artifactKey: Guid(0947d4d2acf497946abfbd8d4ea43cdc) Importer(815301076,1909f56bfc062723c751e8b465ee728b)
Start importing Assets/Puzzle stage & settings GUI Pack/Image_green/bar box.png using Guid(0947d4d2acf497946abfbd8d4ea43cdc) Importer(815301076,1909f56bfc062723c751e8b465ee728b)  -> (artifact id: '6497d28f4a78be13fd742264e39ee641') in 0.046029 seconds 
========================================================================
Received Import Request.
  Time since last request: 0.000328 seconds.
  path: Assets/Puzzle stage & settings GUI Pack/Image_green/off.png
  artifactKey: Guid(c8e1e477982812a479896abb2f7d88a4) Importer(815301076,1909f56bfc062723c751e8b465ee728b)
Start importing Assets/Puzzle stage & settings GUI Pack/Image_green/off.png using Guid(c8e1e477982812a479896abb2f7d88a4) Importer(815301076,1909f56bfc062723c751e8b465ee728b)  -> (artifact id: 'f041bc707a0482a4ea50db429772a0ed') in 0.042584 seconds 
========================================================================
Received Import Request.
  Time since last request: 0.000297 seconds.
  path: Assets/Puzzle stage & settings GUI Pack/Image_green/box.png
  artifactKey: Guid(f3aef599749ca424e8b877a98d53648c) Importer(815301076,1909f56bfc062723c751e8b465ee728b)
Start importing Assets/Puzzle stage & settings GUI Pack/Image_green/box.png using Guid(f3aef599749ca424e8b877a98d53648c) Importer(815301076,1909f56bfc062723c751e8b465ee728b)  -> (artifact id: '99c66264a943f3419c3a3550fc792af9') in 0.091047 seconds 
========================================================================
Received Import Request.
  Time since last request: 0.000240 seconds.
  path: Assets/Puzzle stage & settings GUI Pack/Image_green/goods.png
  artifactKey: Guid(a0cba62c3c83f33449560df9d5412e65) Importer(815301076,1909f56bfc062723c751e8b465ee728b)
Start importing Assets/Puzzle stage & settings GUI Pack/Image_green/goods.png using Guid(a0cba62c3c83f33449560df9d5412e65) Importer(815301076,1909f56bfc062723c751e8b465ee728b)  -> (artifact id: 'a9afa2311f9aa72cd4f9e8461bde804c') in 0.056806 seconds 
========================================================================
Received Import Request.
  Time since last request: 0.000331 seconds.
  path: Assets/Puzzle stage & settings GUI Pack/facebook.png
  artifactKey: Guid(fd6563dd6e06ba64585df5f61c6eed82) Importer(815301076,1909f56bfc062723c751e8b465ee728b)
Start importing Assets/Puzzle stage & settings GUI Pack/facebook.png using Guid(fd6563dd6e06ba64585df5f61c6eed82) Importer(815301076,1909f56bfc062723c751e8b465ee728b)  -> (artifact id: 'f6975ef48bbef3e2cdaba0b70e8dbfc6') in 0.036525 seconds 
========================================================================
Received Import Request.
  Time since last request: 0.000297 seconds.
  path: Assets/Puzzle stage & settings GUI Pack/Image_green/+.png
  artifactKey: Guid(1345c0f7b87d2d14d9ee89951de86f7c) Importer(815301076,1909f56bfc062723c751e8b465ee728b)
Start importing Assets/Puzzle stage & settings GUI Pack/Image_green/+.png using Guid(1345c0f7b87d2d14d9ee89951de86f7c) Importer(815301076,1909f56bfc062723c751e8b465ee728b)  -> (artifact id: '3d563632a72b261d138ba4ea19bc06f8') in 0.041609 seconds 
========================================================================
Received Import Request.
  Time since last request: 0.000283 seconds.
  path: Assets/Puzzle stage & settings GUI Pack/Image_green/goods jelly.png
  artifactKey: Guid(e29babf1b68936d41ba9d42663ef8914) Importer(815301076,1909f56bfc062723c751e8b465ee728b)
Start importing Assets/Puzzle stage & settings GUI Pack/Image_green/goods jelly.png using Guid(e29babf1b68936d41ba9d42663ef8914) Importer(815301076,1909f56bfc062723c751e8b465ee728b)  -> (artifact id: '0d94b668f0427a757127eea0f19c3da9') in 0.071669 seconds 
========================================================================
Received Import Request.
  Time since last request: 0.000333 seconds.
  path: Assets/Puzzle stage & settings GUI Pack/Image_green/jelly.png
  artifactKey: Guid(ce1c5de2c95387946b9c1e38ca9a4377) Importer(815301076,1909f56bfc062723c751e8b465ee728b)
Start importing Assets/Puzzle stage & settings GUI Pack/Image_green/jelly.png using Guid(ce1c5de2c95387946b9c1e38ca9a4377) Importer(815301076,1909f56bfc062723c751e8b465ee728b)  -> (artifact id: 'fc35999ab3afc2063458c05137463a09') in 0.182323 seconds 
========================================================================
Received Import Request.
  Time since last request: 0.000348 seconds.
  path: Assets/Puzzle stage & settings GUI Pack/Image_green/star box.png
  artifactKey: Guid(4baf0733311cad74994cffacaf884bba) Importer(815301076,1909f56bfc062723c751e8b465ee728b)
Start importing Assets/Puzzle stage & settings GUI Pack/Image_green/star box.png using Guid(4baf0733311cad74994cffacaf884bba) Importer(815301076,1909f56bfc062723c751e8b465ee728b)  -> (artifact id: '37595162e46188ef78f9522709cc0ce5') in 0.078089 seconds 
========================================================================
Received Import Request.
  Time since last request: 0.000364 seconds.
  path: Assets/Puzzle stage & settings GUI Pack/google.png
  artifactKey: Guid(8dbf17161d3061443990ffedeb5e43e6) Importer(815301076,1909f56bfc062723c751e8b465ee728b)
Start importing Assets/Puzzle stage & settings GUI Pack/google.png using Guid(8dbf17161d3061443990ffedeb5e43e6) Importer(815301076,1909f56bfc062723c751e8b465ee728b)  -> (artifact id: '98aa9ffc8b9f39c0eb45ceb0d256eb2e') in 0.270890 seconds 
========================================================================
Received Import Request.
  Time since last request: 0.000510 seconds.
  path: Assets/Puzzle stage & settings GUI Pack/Image_green/on.png
  artifactKey: Guid(f2d09d4014a28c3408d456c2b81090b8) Importer(815301076,1909f56bfc062723c751e8b465ee728b)
Start importing Assets/Puzzle stage & settings GUI Pack/Image_green/on.png using Guid(f2d09d4014a28c3408d456c2b81090b8) Importer(815301076,1909f56bfc062723c751e8b465ee728b)  -> (artifact id: 'adcaf7d3328d31b69fbf9bfef3bb826c') in 0.059486 seconds 
========================================================================
Received Import Request.
  Time since last request: 0.000303 seconds.
  path: Assets/Puzzle stage & settings GUI Pack/Image_green/line.png
  artifactKey: Guid(fab2c578cb484a5409d09f22b03aa917) Importer(815301076,1909f56bfc062723c751e8b465ee728b)
Start importing Assets/Puzzle stage & settings GUI Pack/Image_green/line.png using Guid(fab2c578cb484a5409d09f22b03aa917) Importer(815301076,1909f56bfc062723c751e8b465ee728b)  -> (artifact id: 'a8f9872b3b6f65db948db590c09dba3d') in 0.050858 seconds 
========================================================================
Received Import Request.
  Time since last request: 0.000318 seconds.
  path: Assets/Puzzle stage & settings GUI Pack/Image_green/bar.png
  artifactKey: Guid(4583774c720a19b4b9e6f304ebc89917) Importer(815301076,1909f56bfc062723c751e8b465ee728b)
Start importing Assets/Puzzle stage & settings GUI Pack/Image_green/bar.png using Guid(4583774c720a19b4b9e6f304ebc89917) Importer(815301076,1909f56bfc062723c751e8b465ee728b)  -> (artifact id: 'd513d068f191cb4c911a1ade6bdec09d') in 0.039789 seconds 
========================================================================
Received Import Request.
  Time since last request: 0.000299 seconds.
  path: Assets/Puzzle stage & settings GUI Pack/Image_green/goods coin.png
  artifactKey: Guid(47c9f9dee77073148a8b59aaf28d746c) Importer(815301076,1909f56bfc062723c751e8b465ee728b)
Start importing Assets/Puzzle stage & settings GUI Pack/Image_green/goods coin.png using Guid(47c9f9dee77073148a8b59aaf28d746c) Importer(815301076,1909f56bfc062723c751e8b465ee728b)  -> (artifact id: 'f62b26dedc827d4451721da3e727f7c9') in 0.054449 seconds 
========================================================================
Received Import Request.
  Time since last request: 0.000279 seconds.
  path: Assets/Puzzle stage & settings GUI Pack/Image_green/x.png
  artifactKey: Guid(387a8042f19afdc4c8d122cf0fb6e636) Importer(815301076,1909f56bfc062723c751e8b465ee728b)
Start importing Assets/Puzzle stage & settings GUI Pack/Image_green/x.png using Guid(387a8042f19afdc4c8d122cf0fb6e636) Importer(815301076,1909f56bfc062723c751e8b465ee728b)  -> (artifact id: 'a080d7271d33ac85f42da8cf56be21ef') in 0.056366 seconds 
========================================================================
Received Import Request.
  Time since last request: 8.600943 seconds.
  path: Assets/Puzzle stage & settings GUI Pack/Image_blue/+.png
  artifactKey: Guid(fd3d44ee6ea5f4d4c877dd3413dad12d) Importer(815301076,1909f56bfc062723c751e8b465ee728b)
Start importing Assets/Puzzle stage & settings GUI Pack/Image_blue/+.png using Guid(fd3d44ee6ea5f4d4c877dd3413dad12d) Importer(815301076,1909f56bfc062723c751e8b465ee728b)  -> (artifact id: '371af29020c08b23a0a6322ba1abefda') in 0.043029 seconds 
========================================================================
Received Import Request.
  Time since last request: 0.000465 seconds.
  path: Assets/Puzzle stage & settings GUI Pack/Image_blue/bar box.png
  artifactKey: Guid(bb9ac4b8e354b784aab1e598640e292a) Importer(815301076,1909f56bfc062723c751e8b465ee728b)
Start importing Assets/Puzzle stage & settings GUI Pack/Image_blue/bar box.png using Guid(bb9ac4b8e354b784aab1e598640e292a) Importer(815301076,1909f56bfc062723c751e8b465ee728b)  -> (artifact id: '833e29454548bd4204ba7801d39e315d') in 0.032189 seconds 
========================================================================
Received Import Request.
  Time since last request: 0.000414 seconds.
  path: Assets/Puzzle stage & settings GUI Pack/Image_blue/bar.png
  artifactKey: Guid(3158a81040271944c86df426100da268) Importer(815301076,1909f56bfc062723c751e8b465ee728b)
Start importing Assets/Puzzle stage & settings GUI Pack/Image_blue/bar.png using Guid(3158a81040271944c86df426100da268) Importer(815301076,1909f56bfc062723c751e8b465ee728b)  -> (artifact id: '7eb18b26eec1ce37f054920519a8a48b') in 0.031140 seconds 
========================================================================
Received Import Request.
  Time since last request: 0.000280 seconds.
  path: Assets/Puzzle stage & settings GUI Pack/Image_blue/goods coin.png
  artifactKey: Guid(0c3a399b9e30d1b469bc1a30f525cc54) Importer(815301076,1909f56bfc062723c751e8b465ee728b)
Start importing Assets/Puzzle stage & settings GUI Pack/Image_blue/goods coin.png using Guid(0c3a399b9e30d1b469bc1a30f525cc54) Importer(815301076,1909f56bfc062723c751e8b465ee728b)  -> (artifact id: '7ad536d8a086834f815d3da3d34801c5') in 0.043501 seconds 
========================================================================
Received Import Request.
  Time since last request: 0.000463 seconds.
  path: Assets/Puzzle stage & settings GUI Pack/Image_blue/box.png
  artifactKey: Guid(57ad7b12ad676a145a4b8936a28b38be) Importer(815301076,1909f56bfc062723c751e8b465ee728b)
Start importing Assets/Puzzle stage & settings GUI Pack/Image_blue/box.png using Guid(57ad7b12ad676a145a4b8936a28b38be) Importer(815301076,1909f56bfc062723c751e8b465ee728b)  -> (artifact id: '9a144671ff393b8b44ea088a2e37a24f') in 0.062927 seconds 
========================================================================
Received Import Request.
  Time since last request: 0.000504 seconds.
  path: Assets/Puzzle stage & settings GUI Pack/Image_blue/goods.png
  artifactKey: Guid(653092db9e2c4d046980acb06734105b) Importer(815301076,1909f56bfc062723c751e8b465ee728b)
Start importing Assets/Puzzle stage & settings GUI Pack/Image_blue/goods.png using Guid(653092db9e2c4d046980acb06734105b) Importer(815301076,1909f56bfc062723c751e8b465ee728b)  -> (artifact id: '830531d7f452b83fac51e16dfc9b9c8a') in 0.045630 seconds 
========================================================================
Received Import Request.
  Time since last request: 0.000491 seconds.
  path: Assets/Puzzle stage & settings GUI Pack/Image_blue/candy bar.png
  artifactKey: Guid(f5ac41725f3de384eac4944f2f414994) Importer(815301076,1909f56bfc062723c751e8b465ee728b)
Start importing Assets/Puzzle stage & settings GUI Pack/Image_blue/candy bar.png using Guid(f5ac41725f3de384eac4944f2f414994) Importer(815301076,1909f56bfc062723c751e8b465ee728b)  -> (artifact id: '422c9cb8f04edb500e16a99e08b27ab5') in 0.032288 seconds 
========================================================================
Received Import Request.
  Time since last request: 0.000391 seconds.
  path: Assets/Puzzle stage & settings GUI Pack/Image_blue/stage.png
  artifactKey: Guid(f8d36686876a91a40834d72832cf649c) Importer(815301076,1909f56bfc062723c751e8b465ee728b)
Start importing Assets/Puzzle stage & settings GUI Pack/Image_blue/stage.png using Guid(f8d36686876a91a40834d72832cf649c) Importer(815301076,1909f56bfc062723c751e8b465ee728b)  -> (artifact id: 'c77699963bf4ed25b3e42996803e0f12') in 0.036551 seconds 
========================================================================
Received Import Request.
  Time since last request: 0.000517 seconds.
  path: Assets/Puzzle stage & settings GUI Pack/Image_blue/on.png
  artifactKey: Guid(8f947b319b2a9a946a10d39daafb95cd) Importer(815301076,1909f56bfc062723c751e8b465ee728b)
Start importing Assets/Puzzle stage & settings GUI Pack/Image_blue/on.png using Guid(8f947b319b2a9a946a10d39daafb95cd) Importer(815301076,1909f56bfc062723c751e8b465ee728b)  -> (artifact id: 'bfca40485ab41398da128f2377ef2c60') in 0.046777 seconds 
========================================================================
Received Import Request.
  Time since last request: 0.000443 seconds.
  path: Assets/Puzzle stage & settings GUI Pack/Image_blue/line.png
  artifactKey: Guid(07f1a3f9a8c319c4aaa2d3f1c9138268) Importer(815301076,1909f56bfc062723c751e8b465ee728b)
Start importing Assets/Puzzle stage & settings GUI Pack/Image_blue/line.png using Guid(07f1a3f9a8c319c4aaa2d3f1c9138268) Importer(815301076,1909f56bfc062723c751e8b465ee728b)  -> (artifact id: '123e9d6694d71444747357816582001f') in 0.036953 seconds 
========================================================================
Received Import Request.
  Time since last request: 0.000378 seconds.
  path: Assets/Puzzle stage & settings GUI Pack/Image_blue/star box.png
  artifactKey: Guid(b5bd3f31b053aed4ebaf56227cab641b) Importer(815301076,1909f56bfc062723c751e8b465ee728b)
Start importing Assets/Puzzle stage & settings GUI Pack/Image_blue/star box.png using Guid(b5bd3f31b053aed4ebaf56227cab641b) Importer(815301076,1909f56bfc062723c751e8b465ee728b)  -> (artifact id: 'e735f0502dd6a1464b265df059d4874a') in 0.047237 seconds 
========================================================================
Received Import Request.
  Time since last request: 0.000509 seconds.
  path: Assets/Puzzle stage & settings GUI Pack/Image_blue/goods jelly.png
  artifactKey: Guid(3b65451688d9fa342b0452991bc90243) Importer(815301076,1909f56bfc062723c751e8b465ee728b)
Start importing Assets/Puzzle stage & settings GUI Pack/Image_blue/goods jelly.png using Guid(3b65451688d9fa342b0452991bc90243) Importer(815301076,1909f56bfc062723c751e8b465ee728b)  -> (artifact id: '946835b38b59c51f88849df75623bfce') in 0.050342 seconds 
========================================================================
Received Import Request.
  Time since last request: 0.000482 seconds.
  path: Assets/Puzzle stage & settings GUI Pack/Image_blue/jelly.png
  artifactKey: Guid(74eee89173918224dae35d22f71b87fb) Importer(815301076,1909f56bfc062723c751e8b465ee728b)
Start importing Assets/Puzzle stage & settings GUI Pack/Image_blue/jelly.png using Guid(74eee89173918224dae35d22f71b87fb) Importer(815301076,1909f56bfc062723c751e8b465ee728b)  -> (artifact id: 'a1b87b65aa6b7b648fa5e8b533ff28da') in 0.041571 seconds 
========================================================================
Received Import Request.
  Time since last request: 0.000417 seconds.
  path: Assets/Puzzle stage & settings GUI Pack/Image_blue/off.png
  artifactKey: Guid(373f0d2033dff1a43af706b92034bd19) Importer(815301076,1909f56bfc062723c751e8b465ee728b)
Start importing Assets/Puzzle stage & settings GUI Pack/Image_blue/off.png using Guid(373f0d2033dff1a43af706b92034bd19) Importer(815301076,1909f56bfc062723c751e8b465ee728b)  -> (artifact id: '4edf40a2e5177de95dde64b04c494c8d') in 0.044827 seconds 
========================================================================
Received Import Request.
  Time since last request: 0.000488 seconds.
  path: Assets/Puzzle stage & settings GUI Pack/Image_blue/x.png
  artifactKey: Guid(fe9a5775fd6ad894e846631ce9794598) Importer(815301076,1909f56bfc062723c751e8b465ee728b)
Start importing Assets/Puzzle stage & settings GUI Pack/Image_blue/x.png using Guid(fe9a5775fd6ad894e846631ce9794598) Importer(815301076,1909f56bfc062723c751e8b465ee728b)  -> (artifact id: '9780ee5ee48530d412c61fcfde50febd') in 0.038686 seconds 
========================================================================
Received Import Request.
  Time since last request: 0.000453 seconds.
  path: Assets/Puzzle stage & settings GUI Pack/Image_blue/star.png
  artifactKey: Guid(52d058b4a775d964d871cb579cafc65a) Importer(815301076,1909f56bfc062723c751e8b465ee728b)
Start importing Assets/Puzzle stage & settings GUI Pack/Image_blue/star.png using Guid(52d058b4a775d964d871cb579cafc65a) Importer(815301076,1909f56bfc062723c751e8b465ee728b)  -> (artifact id: '76b53109e43d80f56c7f90fab646c3ee') in 0.047288 seconds 
========================================================================
Received Import Request.
  Time since last request: 14.199634 seconds.
  path: Assets/Puzzle stage & settings GUI Pack/Image_blue/button/exit.png
  artifactKey: Guid(3a524c88db16aff4d9ad8103e6bce542) Importer(815301076,1909f56bfc062723c751e8b465ee728b)
Start importing Assets/Puzzle stage & settings GUI Pack/Image_blue/button/exit.png using Guid(3a524c88db16aff4d9ad8103e6bce542) Importer(815301076,1909f56bfc062723c751e8b465ee728b)  -> (artifact id: 'e2f8f2804627d51fd4092e6f91a01842') in 0.054911 seconds 
========================================================================
Received Import Request.
  Time since last request: 0.000467 seconds.
  path: Assets/Puzzle stage & settings GUI Pack/Image_blue/button/restart.png
  artifactKey: Guid(c197b03fa2bd14d4c8408b76c86bc991) Importer(815301076,1909f56bfc062723c751e8b465ee728b)
Start importing Assets/Puzzle stage & settings GUI Pack/Image_blue/button/restart.png using Guid(c197b03fa2bd14d4c8408b76c86bc991) Importer(815301076,1909f56bfc062723c751e8b465ee728b)  -> (artifact id: '4d2c0716b428caacf0cdfa9cc4b6b853') in 0.047963 seconds 
========================================================================
Received Import Request.
  Time since last request: 0.000396 seconds.
  path: Assets/Puzzle stage & settings GUI Pack/Image_blue/button/ok.png
  artifactKey: Guid(295c7111297118d418ae4e0e831dc078) Importer(815301076,1909f56bfc062723c751e8b465ee728b)
Start importing Assets/Puzzle stage & settings GUI Pack/Image_blue/button/ok.png using Guid(295c7111297118d418ae4e0e831dc078) Importer(815301076,1909f56bfc062723c751e8b465ee728b)  -> (artifact id: 'f9f09dc44811b1d2ed5d5fcd186ab31a') in 0.067782 seconds 
========================================================================
Received Import Request.
  Time since last request: 0.000427 seconds.
  path: Assets/Puzzle stage & settings GUI Pack/Image_blue/button/resume.png
  artifactKey: Guid(b39865afd3c87b649a0f3a8a223acef6) Importer(815301076,1909f56bfc062723c751e8b465ee728b)
Start importing Assets/Puzzle stage & settings GUI Pack/Image_blue/button/resume.png using Guid(b39865afd3c87b649a0f3a8a223acef6) Importer(815301076,1909f56bfc062723c751e8b465ee728b)  -> (artifact id: '4214b7318208f0689e26276cff7082ea') in 0.054925 seconds 
========================================================================
Received Import Request.
  Time since last request: 0.000345 seconds.
  path: Assets/Puzzle stage & settings GUI Pack/Image_blue/button/start.png
  artifactKey: Guid(27a5ab6c817fdec4b835c9050514fa5e) Importer(815301076,1909f56bfc062723c751e8b465ee728b)
Start importing Assets/Puzzle stage & settings GUI Pack/Image_blue/button/start.png using Guid(27a5ab6c817fdec4b835c9050514fa5e) Importer(815301076,1909f56bfc062723c751e8b465ee728b)  -> (artifact id: 'bb3735b1ae2f13f395d194bbaa75de5b') in 0.060242 seconds 
========================================================================
Received Import Request.
  Time since last request: 0.000309 seconds.
  path: Assets/Puzzle stage & settings GUI Pack/Image_blue/button/setting.png
  artifactKey: Guid(46ba22a2a6435104cb68f22ee9d35955) Importer(815301076,1909f56bfc062723c751e8b465ee728b)
Start importing Assets/Puzzle stage & settings GUI Pack/Image_blue/button/setting.png using Guid(46ba22a2a6435104cb68f22ee9d35955) Importer(815301076,1909f56bfc062723c751e8b465ee728b)  -> (artifact id: '578f6e6cf629c2a7dded85559e676277') in 0.055466 seconds 
========================================================================
Received Import Request.
  Time since last request: 0.000300 seconds.
  path: Assets/Puzzle stage & settings GUI Pack/Image_blue/button/quit.png
  artifactKey: Guid(f20e24b72461e8c46892075ce7066f0d) Importer(815301076,1909f56bfc062723c751e8b465ee728b)
Start importing Assets/Puzzle stage & settings GUI Pack/Image_blue/button/quit.png using Guid(f20e24b72461e8c46892075ce7066f0d) Importer(815301076,1909f56bfc062723c751e8b465ee728b)  -> (artifact id: '153d572adaf5696b4bda4e9d5e95e400') in 0.045836 seconds 
========================================================================
Received Import Request.
  Time since last request: 0.000353 seconds.
  path: Assets/Puzzle stage & settings GUI Pack/Image_blue/button/help.png
  artifactKey: Guid(7852a8e25383ce3408aeaf2da3b2d286) Importer(815301076,1909f56bfc062723c751e8b465ee728b)
Start importing Assets/Puzzle stage & settings GUI Pack/Image_blue/button/help.png using Guid(7852a8e25383ce3408aeaf2da3b2d286) Importer(815301076,1909f56bfc062723c751e8b465ee728b)  -> (artifact id: '21a96200d8248beb78771fbf09e66969') in 0.055980 seconds 
========================================================================
Received Import Request.
  Time since last request: 90.822545 seconds.
  path: Assets/Puzzle stage & settings GUI Pack/Image_blue/s_button/check.png
  artifactKey: Guid(78f867360b8a59048a4340aceaa5b868) Importer(815301076,1909f56bfc062723c751e8b465ee728b)
Start importing Assets/Puzzle stage & settings GUI Pack/Image_blue/s_button/check.png using Guid(78f867360b8a59048a4340aceaa5b868) Importer(815301076,1909f56bfc062723c751e8b465ee728b)  -> (artifact id: 'fee6cbc19c2da3a2ff9b5cc5d35bd3fd') in 0.059569 seconds 
========================================================================
Received Import Request.
  Time since last request: 0.000272 seconds.
  path: Assets/Puzzle stage & settings GUI Pack/Image_blue/s_button/menu.png
  artifactKey: Guid(bb59b455d7b4b394eae3c792f439ac44) Importer(815301076,1909f56bfc062723c751e8b465ee728b)
Start importing Assets/Puzzle stage & settings GUI Pack/Image_blue/s_button/menu.png using Guid(bb59b455d7b4b394eae3c792f439ac44) Importer(815301076,1909f56bfc062723c751e8b465ee728b)  -> (artifact id: 'd5b42f0be2726d8d7edeec645205c8ee') in 0.059501 seconds 
========================================================================
Received Import Request.
  Time since last request: 0.000313 seconds.
  path: Assets/Puzzle stage & settings GUI Pack/Image_blue/s_button/ranking.png
  artifactKey: Guid(cc44c36c1a5153741b0b08c4492dd5db) Importer(815301076,1909f56bfc062723c751e8b465ee728b)
Start importing Assets/Puzzle stage & settings GUI Pack/Image_blue/s_button/ranking.png using Guid(cc44c36c1a5153741b0b08c4492dd5db) Importer(815301076,1909f56bfc062723c751e8b465ee728b)  -> (artifact id: 'b05325cd68c973e0e5344e9d849a44d0') in 0.055350 seconds 
========================================================================
Received Import Request.
  Time since last request: 0.000301 seconds.
  path: Assets/Puzzle stage & settings GUI Pack/Image_blue/s_button/return.png
  artifactKey: Guid(965a193c4ac5d114d9f1512636bf05a0) Importer(815301076,1909f56bfc062723c751e8b465ee728b)
Start importing Assets/Puzzle stage & settings GUI Pack/Image_blue/s_button/return.png using Guid(965a193c4ac5d114d9f1512636bf05a0) Importer(815301076,1909f56bfc062723c751e8b465ee728b)  -> (artifact id: 'e11cccc653b5465ab10671d18bbda2cc') in 0.044368 seconds 
========================================================================
Received Import Request.
  Time since last request: 0.000285 seconds.
  path: Assets/Puzzle stage & settings GUI Pack/Image_blue/s_button/plus.png
  artifactKey: Guid(add96c32c0e56994db78496ce0364df7) Importer(815301076,1909f56bfc062723c751e8b465ee728b)
Start importing Assets/Puzzle stage & settings GUI Pack/Image_blue/s_button/plus.png using Guid(add96c32c0e56994db78496ce0364df7) Importer(815301076,1909f56bfc062723c751e8b465ee728b)  -> (artifact id: '35b26bcd46bc4b2365bdc79668a75b5f') in 0.044352 seconds 
========================================================================
Received Import Request.
  Time since last request: 0.000275 seconds.
  path: Assets/Puzzle stage & settings GUI Pack/Image_blue/s_button/music1.png
  artifactKey: Guid(ae092fdfe65b1eb45807c7f6c222e239) Importer(815301076,1909f56bfc062723c751e8b465ee728b)
Start importing Assets/Puzzle stage & settings GUI Pack/Image_blue/s_button/music1.png using Guid(ae092fdfe65b1eb45807c7f6c222e239) Importer(815301076,1909f56bfc062723c751e8b465ee728b)  -> (artifact id: '2f18582559110e74a0ca45a5842be6cb') in 0.044639 seconds 
========================================================================
Received Import Request.
  Time since last request: 0.000305 seconds.
  path: Assets/Puzzle stage & settings GUI Pack/Image_blue/s_button/share.png
  artifactKey: Guid(43fc558258fcc1444a5da409269deae9) Importer(815301076,1909f56bfc062723c751e8b465ee728b)
Start importing Assets/Puzzle stage & settings GUI Pack/Image_blue/s_button/share.png using Guid(43fc558258fcc1444a5da409269deae9) Importer(815301076,1909f56bfc062723c751e8b465ee728b)  -> (artifact id: 'ecb31c715d13edc8523a8656038aeb58') in 0.043694 seconds 
========================================================================
Received Import Request.
  Time since last request: 0.000294 seconds.
  path: Assets/Puzzle stage & settings GUI Pack/Image_blue/s_button/information.png
  artifactKey: Guid(4d5557cac0b4ed440b34cc2d04dbb9e5) Importer(815301076,1909f56bfc062723c751e8b465ee728b)
Start importing Assets/Puzzle stage & settings GUI Pack/Image_blue/s_button/information.png using Guid(4d5557cac0b4ed440b34cc2d04dbb9e5) Importer(815301076,1909f56bfc062723c751e8b465ee728b)  -> (artifact id: '33a7714a2f202f0495114854e71261ed') in 0.044810 seconds 
========================================================================
Received Import Request.
  Time since last request: 0.000369 seconds.
  path: Assets/Puzzle stage & settings GUI Pack/Image_blue/s_button/play.png
  artifactKey: Guid(6847525e8631f414fad73f2bb8408389) Importer(815301076,1909f56bfc062723c751e8b465ee728b)
Start importing Assets/Puzzle stage & settings GUI Pack/Image_blue/s_button/play.png using Guid(6847525e8631f414fad73f2bb8408389) Importer(815301076,1909f56bfc062723c751e8b465ee728b)  -> (artifact id: '49281ae4e670d0d335143576b2000131') in 0.056195 seconds 
========================================================================
Received Import Request.
  Time since last request: 0.000256 seconds.
  path: Assets/Puzzle stage & settings GUI Pack/Image_blue/s_button/post.png
  artifactKey: Guid(5f1c8072c86fd27478daa0a43666a4ee) Importer(815301076,1909f56bfc062723c751e8b465ee728b)
Start importing Assets/Puzzle stage & settings GUI Pack/Image_blue/s_button/post.png using Guid(5f1c8072c86fd27478daa0a43666a4ee) Importer(815301076,1909f56bfc062723c751e8b465ee728b)  -> (artifact id: '0430211d45b8e0e303adac1118b9eb62') in 0.054012 seconds 
========================================================================
Received Import Request.
  Time since last request: 0.000240 seconds.
  path: Assets/Puzzle stage & settings GUI Pack/Image_blue/s_button/pause.png
  artifactKey: Guid(42fc6c01ddb6b344fb13c0c2ae01d60a) Importer(815301076,1909f56bfc062723c751e8b465ee728b)
Start importing Assets/Puzzle stage & settings GUI Pack/Image_blue/s_button/pause.png using Guid(42fc6c01ddb6b344fb13c0c2ae01d60a) Importer(815301076,1909f56bfc062723c751e8b465ee728b)  -> (artifact id: 'b9a6a3cfa2a20b5b5625de2236674308') in 0.050793 seconds 
========================================================================
Received Import Request.
  Time since last request: 0.000282 seconds.
  path: Assets/Puzzle stage & settings GUI Pack/Image_blue/s_button/set.png
  artifactKey: Guid(68c502d45029cff4fb0adef7faf8d3fe) Importer(815301076,1909f56bfc062723c751e8b465ee728b)
Start importing Assets/Puzzle stage & settings GUI Pack/Image_blue/s_button/set.png using Guid(68c502d45029cff4fb0adef7faf8d3fe) Importer(815301076,1909f56bfc062723c751e8b465ee728b)  -> (artifact id: '2646f6c0dabd1c7106c9d8019a80fd98') in 0.042513 seconds 
========================================================================
Received Import Request.
  Time since last request: 0.000317 seconds.
  path: Assets/Puzzle stage & settings GUI Pack/Image_blue/s_button/shop.png
  artifactKey: Guid(63f091fd3bbfd7a4f883d710a078b876) Importer(815301076,1909f56bfc062723c751e8b465ee728b)
Start importing Assets/Puzzle stage & settings GUI Pack/Image_blue/s_button/shop.png using Guid(63f091fd3bbfd7a4f883d710a078b876) Importer(815301076,1909f56bfc062723c751e8b465ee728b)  -> (artifact id: '28b651cc56f7fcc03edc4061a1c0fe14') in 0.050406 seconds 
========================================================================
Received Import Request.
  Time since last request: 0.000287 seconds.
  path: Assets/Puzzle stage & settings GUI Pack/Image_blue/s_button/sound1.png
  artifactKey: Guid(7fa6c779a5a842f48b786c57bb21d3a4) Importer(815301076,1909f56bfc062723c751e8b465ee728b)
Start importing Assets/Puzzle stage & settings GUI Pack/Image_blue/s_button/sound1.png using Guid(7fa6c779a5a842f48b786c57bb21d3a4) Importer(815301076,1909f56bfc062723c751e8b465ee728b)  -> (artifact id: '281cb7f40686988fc3b685b43c341868') in 0.044146 seconds 
========================================================================
Received Import Request.
  Time since last request: 0.000302 seconds.
  path: Assets/Puzzle stage & settings GUI Pack/Image_blue/s_button/friend.png
  artifactKey: Guid(a75980e548b0f8a4db7ef2e64c5ebd50) Importer(815301076,1909f56bfc062723c751e8b465ee728b)
Start importing Assets/Puzzle stage & settings GUI Pack/Image_blue/s_button/friend.png using Guid(a75980e548b0f8a4db7ef2e64c5ebd50) Importer(815301076,1909f56bfc062723c751e8b465ee728b)  -> (artifact id: '6b318b8f8fbd15ef2907bc269f49f48e') in 0.044959 seconds 
========================================================================
Received Import Request.
  Time since last request: 0.000298 seconds.
  path: Assets/Puzzle stage & settings GUI Pack/Image_blue/s_button/home.png
  artifactKey: Guid(db29b69e2ef9fe54997f788ff04f171a) Importer(815301076,1909f56bfc062723c751e8b465ee728b)
Start importing Assets/Puzzle stage & settings GUI Pack/Image_blue/s_button/home.png using Guid(db29b69e2ef9fe54997f788ff04f171a) Importer(815301076,1909f56bfc062723c751e8b465ee728b)  -> (artifact id: 'ba3318dce8c2965b27cb858a135f4059') in 0.056320 seconds 
========================================================================
Received Prepare
Registering precompiled user dll's ...
Registered in 0.003607 seconds.
Begin MonoManager ReloadAssembly
Native extension for WindowsStandalone target not found
Native extension for WebGL target not found
Refreshing native plugins compatible for Editor in 0.66 ms, found 2 plugins.
Preloading 0 native plugins for Editor in 0.00 ms.
Mono: successfully reloaded assembly
- Completed reload, in  1.455 seconds
Domain Reload Profiling:
	ReloadAssembly (1455ms)
		BeginReloadAssembly (377ms)
			ExecutionOrderSort (0ms)
			DisableScriptedObjects (5ms)
			BackupInstance (0ms)
			ReleaseScriptingObjects (0ms)
			CreateAndSetChildDomain (172ms)
		EndReloadAssembly (974ms)
			LoadAssemblies (167ms)
			RebuildTransferFunctionScriptingTraits (0ms)
			SetupTypeCache (299ms)
			ReleaseScriptCaches (1ms)
			RebuildScriptCaches (41ms)
			SetupLoadedEditorAssemblies (380ms)
				LogAssemblyErrors (0ms)
				InitializePlatformSupportModulesInManaged (6ms)
				SetLoadedEditorAssemblies (0ms)
				RefreshPlugins (1ms)
				BeforeProcessingInitializeOnLoad (77ms)
				ProcessInitializeOnLoadAttributes (279ms)
				ProcessInitializeOnLoadMethodAttributes (10ms)
				AfterProcessingInitializeOnLoad (7ms)
				EditorAssembliesLoaded (0ms)
			ExecutionOrderSort2 (0ms)
			AwakeInstancesAfterBackupRestoration (8ms)
Platform modules already initialized, skipping
Switching build target platform(19) subTarget(0) extendedPlatform(0) -> platform(13) subTarget(537395200) extendedPlatform(0)
Refreshing native plugins compatible for Editor in 0.36 ms, found 2 plugins.
Preloading 0 native plugins for Editor in 0.00 ms.
Unloading 1513 Unused Serialized files (Serialized files now loaded: 0)
System memory in use before: 72.3 MB.
System memory in use after: 72.4 MB.

Unloading 11 unused Assets to reduce memory usage. Loaded Objects now: 1984.
Total: 3.185200 ms (FindLiveObjects: 0.146900 ms CreateObjectMapping: 0.045100 ms MarkObjects: 2.937300 ms  DeleteObjects: 0.054900 ms)

AssetImportParameters requested are different than current active one (requested -> active):
  custom:framework-win-MediaFoundation: 216162199b28c13a410421893ffa2e32 -> 
  custom:video-decoder-ogg-theora: a1e56fd34408186e4bbccfd4996cb3dc -> 
  custom:container-muxer-webm: aa71ff27fc2769a1b78a27578f13a17b -> 
  custom:container-demuxer-webm: 4f35f7cbe854078d1ac9338744f61a02 -> 
  custom:container-demuxer-ogg: 62fdf1f143b41e24485cea50d1cbac27 -> 
  custom:video-encoder-webm-vp8: eb34c28f22e8b96e1ab97ce403110664 -> 
  custom:video-decoder-webm-vp8: 9c59270c3fd7afecdb556c50c9e8de78 -> 
  custom:graphics/normal-map-encoding: 01000000000000000000000000000000 -> 02000000000000000000000000000000
  custom:audio-decoder-ogg-vorbis: bf7c407c2cedff20999df2af8eb42d56 -> 
  custom:audio-encoder-webm-vorbis: bf7c407c2cedff20999df2af8eb42d56 -> 
========================================================================
Received Prepare
Refreshing native plugins compatible for Editor in 12.72 ms, found 2 plugins.
Preloading 0 native plugins for Editor in 0.00 ms.
Unloading 9 Unused Serialized files (Serialized files now loaded: 0)
System memory in use before: 42.5 MB.
System memory in use after: 42.6 MB.

Unloading 9 unused Assets to reduce memory usage. Loaded Objects now: 1984.
Total: 4.154100 ms (FindLiveObjects: 0.318900 ms CreateObjectMapping: 0.094900 ms MarkObjects: 3.716800 ms  DeleteObjects: 0.021700 ms)

AssetImportParameters requested are different than current active one (requested -> active):
  custom:framework-win-MediaFoundation: 216162199b28c13a410421893ffa2e32 -> 
  custom:video-decoder-ogg-theora: a1e56fd34408186e4bbccfd4996cb3dc -> 
  custom:container-muxer-webm: aa71ff27fc2769a1b78a27578f13a17b -> 
  custom:container-demuxer-webm: 4f35f7cbe854078d1ac9338744f61a02 -> 
  custom:container-demuxer-ogg: 62fdf1f143b41e24485cea50d1cbac27 -> 
  custom:video-encoder-webm-vp8: eb34c28f22e8b96e1ab97ce403110664 -> 
  custom:video-decoder-webm-vp8: 9c59270c3fd7afecdb556c50c9e8de78 -> 
  custom:audio-decoder-ogg-vorbis: bf7c407c2cedff20999df2af8eb42d56 -> 
  custom:audio-encoder-webm-vorbis: bf7c407c2cedff20999df2af8eb42d56 -> 
AssetImportWorkerClient::OnTransportError - code=2 error=End of file
